<?xml version="1.0" encoding="UTF-8"?>
<!-- Generated by org.testng.reporters.JUnitReportReporter -->
<testsuite hostname="DESKTOP-CCFBQ94" failures="0" tests="1" name="Academy.getTitle" time="0.196" errors="0" timestamp="2021-02-21T10:33:40 EST" skipped="0">
  <testcase classname="Academy.getTitle" name="basePageNavigation" time="0.196"/>
  <system-out/>
</testsuite> <!-- Academy.getTitle -->
