<?xml version="1.0" encoding="UTF-8"?>
<!-- Generated by org.testng.reporters.JUnitReportReporter -->
<testsuite hostname="DESKTOP-CCFBQ94" failures="0" tests="2" name="Academy.HomePage" time="8.874" errors="0" timestamp="2021-02-21T13:01:28 EST" skipped="0">
  <testcase classname="Academy.HomePage" name="basePageNavigation" time="3.307"/>
  <system-out/>
  <testcase classname="Academy.HomePage" name="basePageNavigation" time="5.567"/>
  <system-out/>
</testsuite> <!-- Academy.HomePage -->
