<?xml version="1.0" encoding="UTF-8"?>
<!-- Generated by org.testng.reporters.JUnitReportReporter -->
<testsuite hostname="DESKTOP-CCFBQ94" failures="0" tests="1" name="Academy.getTitle" time="0.114" errors="0" timestamp="2021-02-22T12:53:59 EST" skipped="0">
  <testcase classname="Academy.getTitle" name="basePageNavigation" time="0.114"/>
  <system-out/>
</testsuite> <!-- Academy.getTitle -->
