<?xml version="1.0" encoding="UTF-8"?>
<!-- Generated by org.testng.reporters.JUnitReportReporter -->
<testsuite hostname="DESKTOP-CCFBQ94" failures="0" tests="2" name="Academy.HomePage" time="11.783" errors="0" timestamp="2021-02-22T12:53:59 EST" skipped="0">
  <testcase classname="Academy.HomePage" name="basePageNavigation" time="8.488"/>
  <system-out/>
  <testcase classname="Academy.HomePage" name="basePageNavigation" time="3.295"/>
  <system-out/>
</testsuite> <!-- Academy.HomePage -->
